Added Component: Designator=ADC(ST-64-2_N)
Added Component: Designator=BNC 1(BNC 50OHM EDGE ACX2259)
Added Component: Designator=BNC 2(BNC 50OHM EDGE ACX2259)
Added Component: Designator=BNC 3(BNC 50OHM EDGE ACX2259)
Added Component: Designator=BNC 4(BNC 50OHM EDGE ACX2259)
Added Component: Designator=BNC 5(BNC 50OHM EDGE ACX2259)
Added Component: Designator=BNC 6(BNC 50OHM EDGE ACX2259)
Added Component: Designator=BNC 7(BNC 50OHM EDGE ACX2259)
Added Component: Designator=BNC 8(BNC 50OHM EDGE ACX2259)
Added Component: Designator=C1_1(6-0805_N)
Added Component: Designator=C1_2(6-0805_N)
Added Component: Designator=C1_CC(6-0805_N)
Added Component: Designator=C2_1(6-0805_N)
Added Component: Designator=C2_2(6-0805_N)
Added Component: Designator=C2_CC(6-0805_N)
Added Component: Designator=C3_1(6-0805_N)
Added Component: Designator=C3_2(6-0805_N)
Added Component: Designator=C3_CC(6-0805_N)
Added Component: Designator=C4_1(6-0805_N)
Added Component: Designator=C4_2(6-0805_N)
Added Component: Designator=C4_CC(6-0805_N)
Added Component: Designator=C5_1(6-0805_N)
Added Component: Designator=C5_2(6-0805_N)
Added Component: Designator=C5_CC(6-0805_N)
Added Component: Designator=C6_1(6-0805_N)
Added Component: Designator=C6_2(6-0805_N)
Added Component: Designator=C6_CC(6-0805_N)
Added Component: Designator=C7_1(6-0805_N)
Added Component: Designator=C7_2(6-0805_N)
Added Component: Designator=C7_CC(6-0805_N)
Added Component: Designator=C8_1(6-0805_N)
Added Component: Designator=C8_2(6-0805_N)
Added Component: Designator=C8_CC(6-0805_N)
Added Component: Designator=C_A1(6-0805_N)
Added Component: Designator=C_A2(6-0805_N)
Added Component: Designator=C_A3(6-0805_N)
Added Component: Designator=C_A4(6-0805_N)
Added Component: Designator=C_Drive(6-0805_N)
Added Component: Designator=C_REFCAP(6-0805_N)
Added Component: Designator=C_REFIN(6-0805_N)
Added Component: Designator=C_REGCAP1(6-0805_N)
Added Component: Designator=C_REGCAP2(6-0805_N)
Added Component: Designator=D1(CR Diode - duplicate1)
Added Component: Designator=D2(CR Diode - duplicate1)
Added Component: Designator=D3(CR Diode - duplicate1)
Added Component: Designator=D4(CR Diode - duplicate1)
Added Component: Designator=D5(CR Diode - duplicate1)
Added Component: Designator=D6(CR Diode - duplicate1)
Added Component: Designator=D7(CR Diode - duplicate1)
Added Component: Designator=D8(CR Diode - duplicate1)
Added Component: Designator=Operational Amp 1(TSV994IPT)
Added Component: Designator=Operational Amp 2(TSV994IPT)
Added Component: Designator=P1(SFM-125-02-X-DH)
Added Component: Designator=R1_1(6-0805_N)
Added Component: Designator=R1_2(6-0805_N)
Added Component: Designator=R1_3(6-0805_N)
Added Component: Designator=R1_4(6-0805_N)
Added Component: Designator=R2_1(6-0805_N)
Added Component: Designator=R2_2(6-0805_N)
Added Component: Designator=R2_3(6-0805_N)
Added Component: Designator=R2_4(6-0805_N)
Added Component: Designator=R3_1(6-0805_N)
Added Component: Designator=R3_2(6-0805_N)
Added Component: Designator=R3_3(6-0805_N)
Added Component: Designator=R3_4(6-0805_N)
Added Component: Designator=R4_1(6-0805_N)
Added Component: Designator=R4_2(6-0805_N)
Added Component: Designator=R4_3(6-0805_N)
Added Component: Designator=R4_4(6-0805_N)
Added Component: Designator=R5_1(6-0805_N)
Added Component: Designator=R5_2(6-0805_N)
Added Component: Designator=R5_3(6-0805_N)
Added Component: Designator=R5_4(6-0805_N)
Added Component: Designator=R6_1(6-0805_N)
Added Component: Designator=R6_2(6-0805_N)
Added Component: Designator=R6_3(6-0805_N)
Added Component: Designator=R6_4(6-0805_N)
Added Component: Designator=R7_1(6-0805_N)
Added Component: Designator=R7_2(6-0805_N)
Added Component: Designator=R7_3(6-0805_N)
Added Component: Designator=R7_4(6-0805_N)
Added Component: Designator=R8_1(6-0805_N)
Added Component: Designator=R8_2(6-0805_N)
Added Component: Designator=R8_3(6-0805_N)
Added Component: Designator=R8_4(6-0805_N)
Added Component: Designator=R9(6-0805_N)
Added Pin To Net: NetName=-5VDC Pin=Operational Amp 1-11
Added Pin To Net: NetName=-5VDC Pin=Operational Amp 2-11
Added Net: Name=-5VDC
Added Pin To Net: NetName=2V5REF Pin=ADC-42
Added Pin To Net: NetName=2V5REF Pin=C_REFIN-2
Added Pin To Net: NetName=2V5REF Pin=P1-50
Added Net: Name=2V5REF
Added Pin To Net: NetName=3V3 Pin=C_Drive-1
Added Pin To Net: NetName=3V3 Pin=P1-11
Added Pin To Net: NetName=3V3 Pin=P1-12
Added Net: Name=3V3
Added Pin To Net: NetName=5VDC Pin=Operational Amp 1-4
Added Pin To Net: NetName=5VDC Pin=Operational Amp 2-4
Added Net: Name=5VDC
Added Pin To Net: NetName=5V Pin=ADC-1
Added Pin To Net: NetName=5V Pin=ADC-37
Added Pin To Net: NetName=5V Pin=ADC-38
Added Pin To Net: NetName=5V Pin=ADC-48
Added Pin To Net: NetName=5V Pin=C_A1-1
Added Pin To Net: NetName=5V Pin=C_A2-1
Added Pin To Net: NetName=5V Pin=C_A3-1
Added Pin To Net: NetName=5V Pin=C_A4-1
Added Pin To Net: NetName=5V Pin=P1-5
Added Pin To Net: NetName=5V Pin=P1-6
Added Pin To Net: NetName=5V Pin=P1-7
Added Pin To Net: NetName=5V Pin=P1-8
Added Net: Name=5V
Added Pin To Net: NetName=24V Pin=D1-A
Added Pin To Net: NetName=24V Pin=D2-A
Added Pin To Net: NetName=24V Pin=D3-A
Added Pin To Net: NetName=24V Pin=D4-A
Added Pin To Net: NetName=24V Pin=D5-A
Added Pin To Net: NetName=24V Pin=D6-A
Added Pin To Net: NetName=24V Pin=D7-A
Added Pin To Net: NetName=24V Pin=D8-A
Added Pin To Net: NetName=24V Pin=P1-1
Added Pin To Net: NetName=24V Pin=P1-2
Added Pin To Net: NetName=24V Pin=P1-3
Added Pin To Net: NetName=24V Pin=P1-4
Added Net: Name=24V
Added Pin To Net: NetName=GND Pin=ADC-2
Added Pin To Net: NetName=GND Pin=ADC-3
Added Pin To Net: NetName=GND Pin=ADC-4
Added Pin To Net: NetName=GND Pin=ADC-5
Added Pin To Net: NetName=GND Pin=ADC-6
Added Pin To Net: NetName=GND Pin=ADC-8
Added Pin To Net: NetName=GND Pin=ADC-26
Added Pin To Net: NetName=GND Pin=ADC-34
Added Pin To Net: NetName=GND Pin=ADC-35
Added Pin To Net: NetName=GND Pin=ADC-40
Added Pin To Net: NetName=GND Pin=ADC-41
Added Pin To Net: NetName=GND Pin=ADC-43
Added Pin To Net: NetName=GND Pin=ADC-46
Added Pin To Net: NetName=GND Pin=ADC-47
Added Pin To Net: NetName=GND Pin=ADC-50
Added Pin To Net: NetName=GND Pin=ADC-52
Added Pin To Net: NetName=GND Pin=ADC-54
Added Pin To Net: NetName=GND Pin=ADC-56
Added Pin To Net: NetName=GND Pin=ADC-58
Added Pin To Net: NetName=GND Pin=ADC-60
Added Pin To Net: NetName=GND Pin=ADC-62
Added Pin To Net: NetName=GND Pin=ADC-64
Added Pin To Net: NetName=GND Pin=BNC 1-g1
Added Pin To Net: NetName=GND Pin=BNC 1-g2
Added Pin To Net: NetName=GND Pin=BNC 2-g1
Added Pin To Net: NetName=GND Pin=BNC 2-g2
Added Pin To Net: NetName=GND Pin=BNC 3-g1
Added Pin To Net: NetName=GND Pin=BNC 3-g2
Added Pin To Net: NetName=GND Pin=BNC 4-g1
Added Pin To Net: NetName=GND Pin=BNC 4-g2
Added Pin To Net: NetName=GND Pin=BNC 5-g1
Added Pin To Net: NetName=GND Pin=BNC 5-g2
Added Pin To Net: NetName=GND Pin=BNC 6-g1
Added Pin To Net: NetName=GND Pin=BNC 6-g2
Added Pin To Net: NetName=GND Pin=BNC 7-g1
Added Pin To Net: NetName=GND Pin=BNC 7-g2
Added Pin To Net: NetName=GND Pin=BNC 8-g1
Added Pin To Net: NetName=GND Pin=BNC 8-g2
Added Pin To Net: NetName=GND Pin=C1_2-1
Added Pin To Net: NetName=GND Pin=C2_2-2
Added Pin To Net: NetName=GND Pin=C3_2-1
Added Pin To Net: NetName=GND Pin=C4_2-1
Added Pin To Net: NetName=GND Pin=C5_2-2
Added Pin To Net: NetName=GND Pin=C6_2-2
Added Pin To Net: NetName=GND Pin=C7_2-1
Added Pin To Net: NetName=GND Pin=C8_2-1
Added Pin To Net: NetName=GND Pin=C_A1-2
Added Pin To Net: NetName=GND Pin=C_A2-2
Added Pin To Net: NetName=GND Pin=C_A3-2
Added Pin To Net: NetName=GND Pin=C_A4-2
Added Pin To Net: NetName=GND Pin=C_Drive-2
Added Pin To Net: NetName=GND Pin=C_REFCAP-1
Added Pin To Net: NetName=GND Pin=C_REFIN-1
Added Pin To Net: NetName=GND Pin=C_REGCAP1-1
Added Pin To Net: NetName=GND Pin=C_REGCAP2-1
Added Pin To Net: NetName=GND Pin=R1_4-2
Added Pin To Net: NetName=GND Pin=R2_4-1
Added Pin To Net: NetName=GND Pin=R3_4-1
Added Pin To Net: NetName=GND Pin=R4_4-2
Added Pin To Net: NetName=GND Pin=R5_4-2
Added Pin To Net: NetName=GND Pin=R6_4-1
Added Pin To Net: NetName=GND Pin=R7_4-1
Added Pin To Net: NetName=GND Pin=R8_4-2
Added Pin To Net: NetName=GND Pin=R9-1
Added Net: Name=GND
Added Pin To Net: NetName=N5V Pin=P1-9
Added Pin To Net: NetName=N5V Pin=P1-10
Added Net: Name=N5V
Added Pin To Net: NetName=NetADC_7 Pin=ADC-7
Added Pin To Net: NetName=NetADC_7 Pin=P1-20
Added Net: Name=NetADC_7
Added Pin To Net: NetName=NetADC_9 Pin=ADC-9
Added Pin To Net: NetName=NetADC_9 Pin=ADC-10
Added Pin To Net: NetName=NetADC_9 Pin=P1-18
Added Net: Name=NetADC_9
Added Pin To Net: NetName=NetADC_11 Pin=ADC-11
Added Pin To Net: NetName=NetADC_11 Pin=P1-16
Added Net: Name=NetADC_11
Added Pin To Net: NetName=NetADC_12 Pin=ADC-12
Added Pin To Net: NetName=NetADC_12 Pin=P1-13
Added Net: Name=NetADC_12
Added Pin To Net: NetName=NetADC_13 Pin=ADC-13
Added Pin To Net: NetName=NetADC_13 Pin=P1-15
Added Net: Name=NetADC_13
Added Pin To Net: NetName=NetADC_14 Pin=ADC-14
Added Pin To Net: NetName=NetADC_14 Pin=R9-2
Added Net: Name=NetADC_14
Added Pin To Net: NetName=NetADC_15 Pin=ADC-15
Added Pin To Net: NetName=NetADC_15 Pin=P1-14
Added Net: Name=NetADC_15
Added Pin To Net: NetName=NetADC_16 Pin=ADC-16
Added Pin To Net: NetName=NetADC_16 Pin=P1-17
Added Net: Name=NetADC_16
Added Pin To Net: NetName=NetADC_17 Pin=ADC-17
Added Pin To Net: NetName=NetADC_17 Pin=P1-19
Added Net: Name=NetADC_17
Added Pin To Net: NetName=NetADC_18 Pin=ADC-18
Added Pin To Net: NetName=NetADC_18 Pin=P1-21
Added Net: Name=NetADC_18
Added Pin To Net: NetName=NetADC_19 Pin=ADC-19
Added Pin To Net: NetName=NetADC_19 Pin=P1-23
Added Net: Name=NetADC_19
Added Pin To Net: NetName=NetADC_20 Pin=ADC-20
Added Pin To Net: NetName=NetADC_20 Pin=P1-25
Added Net: Name=NetADC_20
Added Pin To Net: NetName=NetADC_21 Pin=ADC-21
Added Pin To Net: NetName=NetADC_21 Pin=P1-27
Added Net: Name=NetADC_21
Added Pin To Net: NetName=NetADC_22 Pin=ADC-22
Added Pin To Net: NetName=NetADC_22 Pin=P1-29
Added Net: Name=NetADC_22
Added Pin To Net: NetName=NetADC_23 Pin=ADC-23
Added Net: Name=NetADC_23
Added Pin To Net: NetName=NetADC_24 Pin=ADC-24
Added Pin To Net: NetName=NetADC_24 Pin=P1-31
Added Net: Name=NetADC_24
Added Pin To Net: NetName=NetADC_25 Pin=ADC-25
Added Pin To Net: NetName=NetADC_25 Pin=P1-33
Added Net: Name=NetADC_25
Added Pin To Net: NetName=NetADC_27 Pin=ADC-27
Added Pin To Net: NetName=NetADC_27 Pin=P1-35
Added Net: Name=NetADC_27
Added Pin To Net: NetName=NetADC_28 Pin=ADC-28
Added Pin To Net: NetName=NetADC_28 Pin=P1-37
Added Net: Name=NetADC_28
Added Pin To Net: NetName=NetADC_29 Pin=ADC-29
Added Pin To Net: NetName=NetADC_29 Pin=P1-39
Added Net: Name=NetADC_29
Added Pin To Net: NetName=NetADC_30 Pin=ADC-30
Added Pin To Net: NetName=NetADC_30 Pin=P1-41
Added Net: Name=NetADC_30
Added Pin To Net: NetName=NetADC_31 Pin=ADC-31
Added Pin To Net: NetName=NetADC_31 Pin=P1-43
Added Net: Name=NetADC_31
Added Pin To Net: NetName=NetADC_32 Pin=ADC-32
Added Pin To Net: NetName=NetADC_32 Pin=P1-45
Added Net: Name=NetADC_32
Added Pin To Net: NetName=NetADC_33 Pin=ADC-33
Added Pin To Net: NetName=NetADC_33 Pin=P1-47
Added Net: Name=NetADC_33
Added Pin To Net: NetName=NetADC_36 Pin=ADC-36
Added Pin To Net: NetName=NetADC_36 Pin=C_REGCAP1-2
Added Net: Name=NetADC_36
Added Pin To Net: NetName=NetADC_39 Pin=ADC-39
Added Pin To Net: NetName=NetADC_39 Pin=C_REGCAP2-2
Added Net: Name=NetADC_39
Added Pin To Net: NetName=NetADC_44 Pin=ADC-44
Added Pin To Net: NetName=NetADC_44 Pin=ADC-45
Added Pin To Net: NetName=NetADC_44 Pin=C_REFCAP-2
Added Net: Name=NetADC_44
Added Pin To Net: NetName=NetADC_49 Pin=ADC-49
Added Pin To Net: NetName=NetADC_49 Pin=C1_1-1
Added Pin To Net: NetName=NetADC_49 Pin=Operational Amp 1-14
Added Pin To Net: NetName=NetADC_49 Pin=R1_3-1
Added Net: Name=NetADC_49
Added Pin To Net: NetName=NetADC_51 Pin=ADC-51
Added Pin To Net: NetName=NetADC_51 Pin=C2_1-2
Added Pin To Net: NetName=NetADC_51 Pin=Operational Amp 1-1
Added Pin To Net: NetName=NetADC_51 Pin=R2_3-2
Added Net: Name=NetADC_51
Added Pin To Net: NetName=NetADC_53 Pin=ADC-53
Added Net: Name=NetADC_53
Added Pin To Net: NetName=NetADC_55 Pin=ADC-55
Added Net: Name=NetADC_55
Added Pin To Net: NetName=NetADC_57 Pin=ADC-57
Added Pin To Net: NetName=NetADC_57 Pin=C5_1-1
Added Pin To Net: NetName=NetADC_57 Pin=Operational Amp 2-14
Added Pin To Net: NetName=NetADC_57 Pin=R5_3-1
Added Net: Name=NetADC_57
Added Pin To Net: NetName=NetADC_59 Pin=ADC-59
Added Pin To Net: NetName=NetADC_59 Pin=C6_1-2
Added Pin To Net: NetName=NetADC_59 Pin=Operational Amp 2-1
Added Pin To Net: NetName=NetADC_59 Pin=R6_3-2
Added Net: Name=NetADC_59
Added Pin To Net: NetName=NetADC_61 Pin=ADC-61
Added Pin To Net: NetName=NetADC_61 Pin=C7_1-2
Added Pin To Net: NetName=NetADC_61 Pin=Operational Amp 2-7
Added Pin To Net: NetName=NetADC_61 Pin=R7_3-2
Added Net: Name=NetADC_61
Added Pin To Net: NetName=NetADC_63 Pin=ADC-63
Added Pin To Net: NetName=NetADC_63 Pin=C8_1-2
Added Pin To Net: NetName=NetADC_63 Pin=Operational Amp 2-8
Added Pin To Net: NetName=NetADC_63 Pin=R8_3-1
Added Net: Name=NetADC_63
Added Pin To Net: NetName=NetBNC 1_1 Pin=BNC 1-1
Added Pin To Net: NetName=NetBNC 1_1 Pin=C1_CC-1
Added Pin To Net: NetName=NetBNC 1_1 Pin=D1-K
Added Net: Name=NetBNC 1_1
Added Pin To Net: NetName=NetBNC 2_1 Pin=BNC 2-1
Added Pin To Net: NetName=NetBNC 2_1 Pin=C2_CC-1
Added Pin To Net: NetName=NetBNC 2_1 Pin=D2-K
Added Net: Name=NetBNC 2_1
Added Pin To Net: NetName=NetBNC 3_1 Pin=BNC 3-1
Added Pin To Net: NetName=NetBNC 3_1 Pin=C3_CC-1
Added Pin To Net: NetName=NetBNC 3_1 Pin=D3-K
Added Net: Name=NetBNC 3_1
Added Pin To Net: NetName=NetBNC 4_1 Pin=BNC 4-1
Added Pin To Net: NetName=NetBNC 4_1 Pin=C4_CC-1
Added Pin To Net: NetName=NetBNC 4_1 Pin=D4-K
Added Net: Name=NetBNC 4_1
Added Pin To Net: NetName=NetBNC 5_1 Pin=BNC 5-1
Added Pin To Net: NetName=NetBNC 5_1 Pin=C5_CC-1
Added Pin To Net: NetName=NetBNC 5_1 Pin=D5-K
Added Net: Name=NetBNC 5_1
Added Pin To Net: NetName=NetBNC 6_1 Pin=BNC 6-1
Added Pin To Net: NetName=NetBNC 6_1 Pin=C6_CC-1
Added Pin To Net: NetName=NetBNC 6_1 Pin=D6-K
Added Net: Name=NetBNC 6_1
Added Pin To Net: NetName=NetBNC 7_1 Pin=BNC 7-1
Added Pin To Net: NetName=NetBNC 7_1 Pin=C7_CC-1
Added Pin To Net: NetName=NetBNC 7_1 Pin=D7-K
Added Net: Name=NetBNC 7_1
Added Pin To Net: NetName=NetBNC 8_1 Pin=BNC 8-1
Added Pin To Net: NetName=NetBNC 8_1 Pin=C8_CC-1
Added Pin To Net: NetName=NetBNC 8_1 Pin=D8-K
Added Net: Name=NetBNC 8_1
Added Pin To Net: NetName=NetC1_1_2 Pin=C1_1-2
Added Pin To Net: NetName=NetC1_1_2 Pin=R1_1-2
Added Pin To Net: NetName=NetC1_1_2 Pin=R1_2-2
Added Net: Name=NetC1_1_2
Added Pin To Net: NetName=NetC1_2_2 Pin=C1_2-2
Added Pin To Net: NetName=NetC1_2_2 Pin=Operational Amp 1-12
Added Pin To Net: NetName=NetC1_2_2 Pin=R1_2-1
Added Net: Name=NetC1_2_2
Added Pin To Net: NetName=NetC1_CC_2 Pin=C1_CC-2
Added Pin To Net: NetName=NetC1_CC_2 Pin=R1_1-1
Added Net: Name=NetC1_CC_2
Added Pin To Net: NetName=NetC2_1_1 Pin=C2_1-1
Added Pin To Net: NetName=NetC2_1_1 Pin=R2_1-2
Added Pin To Net: NetName=NetC2_1_1 Pin=R2_2-1
Added Net: Name=NetC2_1_1
Added Pin To Net: NetName=NetC2_2_1 Pin=C2_2-1
Added Pin To Net: NetName=NetC2_2_1 Pin=Operational Amp 1-3
Added Pin To Net: NetName=NetC2_2_1 Pin=R2_2-2
Added Net: Name=NetC2_2_1
Added Pin To Net: NetName=NetC2_CC_2 Pin=C2_CC-2
Added Pin To Net: NetName=NetC2_CC_2 Pin=R2_1-1
Added Net: Name=NetC2_CC_2
Added Pin To Net: NetName=NetC3_1_1 Pin=C3_1-1
Added Pin To Net: NetName=NetC3_1_1 Pin=R3_1-2
Added Pin To Net: NetName=NetC3_1_1 Pin=R3_2-1
Added Net: Name=NetC3_1_1
Added Pin To Net: NetName=NetC3_1_2 Pin=C3_1-2
Added Pin To Net: NetName=NetC3_1_2 Pin=Operational Amp 1-7
Added Pin To Net: NetName=NetC3_1_2 Pin=R3_3-2
Added Net: Name=NetC3_1_2
Added Pin To Net: NetName=NetC3_2_2 Pin=C3_2-2
Added Pin To Net: NetName=NetC3_2_2 Pin=Operational Amp 1-5
Added Pin To Net: NetName=NetC3_2_2 Pin=R3_2-2
Added Net: Name=NetC3_2_2
Added Pin To Net: NetName=NetC3_CC_2 Pin=C3_CC-2
Added Pin To Net: NetName=NetC3_CC_2 Pin=R3_1-1
Added Net: Name=NetC3_CC_2
Added Pin To Net: NetName=NetC4_1_1 Pin=C4_1-1
Added Pin To Net: NetName=NetC4_1_1 Pin=Operational Amp 1-8
Added Pin To Net: NetName=NetC4_1_1 Pin=R4_3-1
Added Net: Name=NetC4_1_1
Added Pin To Net: NetName=NetC4_1_2 Pin=C4_1-2
Added Pin To Net: NetName=NetC4_1_2 Pin=R4_1-2
Added Pin To Net: NetName=NetC4_1_2 Pin=R4_2-2
Added Net: Name=NetC4_1_2
Added Pin To Net: NetName=NetC4_2_2 Pin=C4_2-2
Added Pin To Net: NetName=NetC4_2_2 Pin=Operational Amp 1-10
Added Pin To Net: NetName=NetC4_2_2 Pin=R4_2-1
Added Net: Name=NetC4_2_2
Added Pin To Net: NetName=NetC4_CC_2 Pin=C4_CC-2
Added Pin To Net: NetName=NetC4_CC_2 Pin=R4_1-1
Added Net: Name=NetC4_CC_2
Added Pin To Net: NetName=NetC5_1_2 Pin=C5_1-2
Added Pin To Net: NetName=NetC5_1_2 Pin=R5_1-2
Added Pin To Net: NetName=NetC5_1_2 Pin=R5_2-2
Added Net: Name=NetC5_1_2
Added Pin To Net: NetName=NetC5_2_1 Pin=C5_2-1
Added Pin To Net: NetName=NetC5_2_1 Pin=Operational Amp 2-12
Added Pin To Net: NetName=NetC5_2_1 Pin=R5_2-1
Added Net: Name=NetC5_2_1
Added Pin To Net: NetName=NetC5_CC_2 Pin=C5_CC-2
Added Pin To Net: NetName=NetC5_CC_2 Pin=R5_1-1
Added Net: Name=NetC5_CC_2
Added Pin To Net: NetName=NetC6_1_1 Pin=C6_1-1
Added Pin To Net: NetName=NetC6_1_1 Pin=R6_1-2
Added Pin To Net: NetName=NetC6_1_1 Pin=R6_2-1
Added Net: Name=NetC6_1_1
Added Pin To Net: NetName=NetC6_2_1 Pin=C6_2-1
Added Pin To Net: NetName=NetC6_2_1 Pin=Operational Amp 2-3
Added Pin To Net: NetName=NetC6_2_1 Pin=R6_2-2
Added Net: Name=NetC6_2_1
Added Pin To Net: NetName=NetC6_CC_2 Pin=C6_CC-2
Added Pin To Net: NetName=NetC6_CC_2 Pin=R6_1-1
Added Net: Name=NetC6_CC_2
Added Pin To Net: NetName=NetC7_1_1 Pin=C7_1-1
Added Pin To Net: NetName=NetC7_1_1 Pin=R7_1-2
Added Pin To Net: NetName=NetC7_1_1 Pin=R7_2-1
Added Net: Name=NetC7_1_1
Added Pin To Net: NetName=NetC7_2_2 Pin=C7_2-2
Added Pin To Net: NetName=NetC7_2_2 Pin=Operational Amp 2-5
Added Pin To Net: NetName=NetC7_2_2 Pin=R7_2-2
Added Net: Name=NetC7_2_2
Added Pin To Net: NetName=NetC7_CC_2 Pin=C7_CC-2
Added Pin To Net: NetName=NetC7_CC_2 Pin=R7_1-1
Added Net: Name=NetC7_CC_2
Added Pin To Net: NetName=NetC8_1_1 Pin=C8_1-1
Added Pin To Net: NetName=NetC8_1_1 Pin=R8_1-2
Added Pin To Net: NetName=NetC8_1_1 Pin=R8_2-2
Added Net: Name=NetC8_1_1
Added Pin To Net: NetName=NetC8_2_2 Pin=C8_2-2
Added Pin To Net: NetName=NetC8_2_2 Pin=Operational Amp 2-10
Added Pin To Net: NetName=NetC8_2_2 Pin=R8_2-1
Added Net: Name=NetC8_2_2
Added Pin To Net: NetName=NetC8_CC_2 Pin=C8_CC-2
Added Pin To Net: NetName=NetC8_CC_2 Pin=R8_1-1
Added Net: Name=NetC8_CC_2
Added Pin To Net: NetName=NetOperational Amp 1_2 Pin=Operational Amp 1-2
Added Pin To Net: NetName=NetOperational Amp 1_2 Pin=R2_3-1
Added Pin To Net: NetName=NetOperational Amp 1_2 Pin=R2_4-2
Added Net: Name=NetOperational Amp 1_2
Added Pin To Net: NetName=NetOperational Amp 1_6 Pin=Operational Amp 1-6
Added Pin To Net: NetName=NetOperational Amp 1_6 Pin=R3_3-1
Added Pin To Net: NetName=NetOperational Amp 1_6 Pin=R3_4-2
Added Net: Name=NetOperational Amp 1_6
Added Pin To Net: NetName=NetOperational Amp 1_9 Pin=Operational Amp 1-9
Added Pin To Net: NetName=NetOperational Amp 1_9 Pin=R4_3-2
Added Pin To Net: NetName=NetOperational Amp 1_9 Pin=R4_4-1
Added Net: Name=NetOperational Amp 1_9
Added Pin To Net: NetName=NetOperational Amp 1_13 Pin=Operational Amp 1-13
Added Pin To Net: NetName=NetOperational Amp 1_13 Pin=R1_3-2
Added Pin To Net: NetName=NetOperational Amp 1_13 Pin=R1_4-1
Added Net: Name=NetOperational Amp 1_13
Added Pin To Net: NetName=NetOperational Amp 2_2 Pin=Operational Amp 2-2
Added Pin To Net: NetName=NetOperational Amp 2_2 Pin=R6_3-1
Added Pin To Net: NetName=NetOperational Amp 2_2 Pin=R6_4-2
Added Net: Name=NetOperational Amp 2_2
Added Pin To Net: NetName=NetOperational Amp 2_6 Pin=Operational Amp 2-6
Added Pin To Net: NetName=NetOperational Amp 2_6 Pin=R7_3-1
Added Pin To Net: NetName=NetOperational Amp 2_6 Pin=R7_4-2
Added Net: Name=NetOperational Amp 2_6
Added Pin To Net: NetName=NetOperational Amp 2_9 Pin=Operational Amp 2-9
Added Pin To Net: NetName=NetOperational Amp 2_9 Pin=R8_3-2
Added Pin To Net: NetName=NetOperational Amp 2_9 Pin=R8_4-1
Added Net: Name=NetOperational Amp 2_9
Added Pin To Net: NetName=NetOperational Amp 2_13 Pin=Operational Amp 2-13
Added Pin To Net: NetName=NetOperational Amp 2_13 Pin=R5_3-2
Added Pin To Net: NetName=NetOperational Amp 2_13 Pin=R5_4-1
Added Net: Name=NetOperational Amp 2_13
Added Pin To Net: NetName=NetP1_22 Pin=P1-22
Added Pin To Net: NetName=NetP1_22 Pin=P1-24
Added Pin To Net: NetName=NetP1_22 Pin=P1-26
Added Pin To Net: NetName=NetP1_22 Pin=P1-28
Added Pin To Net: NetName=NetP1_22 Pin=P1-30
Added Pin To Net: NetName=NetP1_22 Pin=P1-32
Added Pin To Net: NetName=NetP1_22 Pin=P1-34
Added Pin To Net: NetName=NetP1_22 Pin=P1-36
Added Pin To Net: NetName=NetP1_22 Pin=P1-38
Added Pin To Net: NetName=NetP1_22 Pin=P1-40
Added Pin To Net: NetName=NetP1_22 Pin=P1-42
Added Pin To Net: NetName=NetP1_22 Pin=P1-44
Added Pin To Net: NetName=NetP1_22 Pin=P1-46
Added Pin To Net: NetName=NetP1_22 Pin=P1-G1
Added Pin To Net: NetName=NetP1_22 Pin=P1-G2
Added Pin To Net: NetName=NetP1_22 Pin=P1-G3
Added Pin To Net: NetName=NetP1_22 Pin=P1-G4
Added Net: Name=NetP1_22
Added Class: Name=Analog to Digital Con
Added Class: Name=Charge Amp
Added Class: Name=DAQ Connector
Added Class: Name=Low Pass Filter
Added Room: Name=Analog to Digital Con
Added Room: Name=Charge Amp
Added Room: Name=DAQ Connector
Added Room: Name=Low Pass Filter
