Change Net Name : Old Net Name=NetADC_7 New Net Name=STBY
Change Net Name : Old Net Name=NetADC_9 New Net Name=CONVAB
Change Net Name : Old Net Name=NetADC_11 New Net Name=RESET
Change Net Name : Old Net Name=NetADC_12 New Net Name=RD
Change Net Name : Old Net Name=NetADC_13 New Net Name=CS
Change Net Name : Old Net Name=NetADC_15 New Net Name=FRSTDATAA
Change Net Name : Old Net Name=NetADC_16 New Net Name=DATA15
Change Net Name : Old Net Name=NetADC_17 New Net Name=DATA14
Change Net Name : Old Net Name=NetADC_18 New Net Name=DATA13
Change Net Name : Old Net Name=NetADC_19 New Net Name=DATA12
Change Net Name : Old Net Name=NetADC_20 New Net Name=DATA11
Change Net Name : Old Net Name=NetADC_21 New Net Name=DATA10
Change Net Name : Old Net Name=NetADC_22 New Net Name=DATA9
Change Net Name : Old Net Name=NetADC_24 New Net Name=DATA8
Change Net Name : Old Net Name=NetADC_25 New Net Name=DATA7
Change Net Name : Old Net Name=NetADC_27 New Net Name=DATA6
Change Net Name : Old Net Name=NetADC_28 New Net Name=DATA5
Change Net Name : Old Net Name=NetADC_29 New Net Name=DATA4
Change Net Name : Old Net Name=NetADC_30 New Net Name=DATA3
Change Net Name : Old Net Name=NetADC_31 New Net Name=DATA2
Change Net Name : Old Net Name=NetADC_32 New Net Name=DATA1
Change Net Name : Old Net Name=NetADC_33 New Net Name=DATA0
Change Net Name : Old Net Name=NetADC_49 New Net Name=OUT1
Change Net Name : Old Net Name=NetADC_51 New Net Name=OUT2
Change Net Name : Old Net Name=NetADC_53 New Net Name=OUT3
Change Net Name : Old Net Name=NetADC_55 New Net Name=OUT4
Change Net Name : Old Net Name=NetADC_57 New Net Name=OUT5
Change Net Name : Old Net Name=NetADC_59 New Net Name=OUT6
Change Net Name : Old Net Name=NetADC_61 New Net Name=OUT7
Change Net Name : Old Net Name=NetADC_63 New Net Name=OUT8
Change Net Name : Old Net Name=NetBNC 1_1 New Net Name=BCN_IN1
